This file contains any messages produced by compilers while
running configure, to aid debugging if configure makes a mistake.

It was created by configure, which was
generated by GNU Autoconf 2.59.  Invocation command line was

  $ ./configure 

## --------- ##
## Platform. ##
## --------- ##

hostname = tux.vrobynet.net
uname -m = i686
uname -r = 2.6.8.1-10mdk
uname -s = Linux
uname -v = #1 Wed Sep 8 17:00:52 CEST 2004

/usr/bin/uname -p = unknown
/bin/uname -X     = unknown

/bin/arch              = i686
/usr/bin/arch -k       = unknown
/usr/convex/getsysinfo = unknown
hostinfo               = unknown
/bin/machine           = unknown
/usr/bin/oslevel       = unknown
/bin/universe          = unknown

PATH: /usr/bin
PATH: /bin
PATH: /usr/bin
PATH: /usr/local/bin
PATH: /usr/X11R6/bin/
PATH: /usr/games
PATH: /usr/sbin
PATH: /home/vroby/bin


## ----------- ##
## Core tests. ##
## ----------- ##

configure:1336: checking build system type
configure:1354: result: i686-pc-linux-gnu
configure:1362: checking host system type
configure:1376: result: i686-pc-linux-gnu
configure:1384: checking target system type
configure:1398: result: i686-pc-linux-gnu
configure:1426: checking for a BSD-compatible install
configure:1481: result: /usr/bin/install -c
configure:1492: checking whether build environment is sane
configure:1535: result: yes
configure:1592: checking for gawk
configure:1608: found /usr/bin/gawk
configure:1618: result: gawk
configure:1628: checking whether make sets $(MAKE)
configure:1648: result: yes
configure:1814: checking whether to enable maintainer-specific portions of Makefiles
configure:1823: result: no
configure:1851: checking for style of include used by make
configure:1879: result: GNU
configure:1950: checking for gcc
configure:1966: found /usr/bin/gcc
configure:1976: result: gcc
configure:2220: checking for C compiler version
configure:2223: gcc --version </dev/null >&5
gcc (GCC) 3.4.1 (Mandrakelinux (Alpha 3.4.1-3mdk)
Copyright (C) 2004 Free Software Foundation, Inc.
This is free software; see the source for copying conditions.  There is NO
warranty; not even for MERCHANTABILITY or FITNESS FOR A PARTICULAR PURPOSE.

configure:2226: $? = 0
configure:2228: gcc -v </dev/null >&5
Reading specs from /usr/lib/gcc/i586-mandrake-linux-gnu/3.4.1/specs
Configured with: ../configure --prefix=/usr --libdir=/usr/lib --with-slibdir=/lib --mandir=/usr/share/man --infodir=/usr/share/info --enable-shared --enable-threads=posix --disable-checking --enable-long-long --enable-__cxa_atexit --enable-clocale=gnu --disable-libunwind-exceptions --enable-languages=c,c++,ada,f77,objc,java --host=i586-mandrake-linux-gnu --with-system-zlib
Thread model: posix
gcc version 3.4.1 (Mandrakelinux (Alpha 3.4.1-3mdk)
configure:2231: $? = 0
configure:2233: gcc -V </dev/null >&5
gcc: `-V' option must have argument
configure:2236: $? = 1
configure:2259: checking for C compiler default output file name
configure:2262: gcc    conftest.c  >&5
configure:2265: $? = 0
configure:2311: result: a.out
configure:2316: checking whether the C compiler works
configure:2322: ./a.out
configure:2325: $? = 0
configure:2342: result: yes
configure:2349: checking whether we are cross compiling
configure:2351: result: no
configure:2354: checking for suffix of executables
configure:2356: gcc -o conftest    conftest.c  >&5
configure:2359: $? = 0
configure:2384: result: 
configure:2390: checking for suffix of object files
configure:2411: gcc -c   conftest.c >&5
configure:2414: $? = 0
configure:2436: result: o
configure:2440: checking whether we are using the GNU C compiler
configure:2464: gcc -c   conftest.c >&5
configure:2470: $? = 0
configure:2474: test -z 
			 || test ! -s conftest.err
configure:2477: $? = 0
configure:2480: test -s conftest.o
configure:2483: $? = 0
configure:2496: result: yes
configure:2502: checking whether gcc accepts -g
configure:2523: gcc -c -g  conftest.c >&5
configure:2529: $? = 0
configure:2533: test -z 
			 || test ! -s conftest.err
configure:2536: $? = 0
configure:2539: test -s conftest.o
configure:2542: $? = 0
configure:2553: result: yes
configure:2570: checking for gcc option to accept ANSI C
configure:2640: gcc  -c -g -O2  conftest.c >&5
configure:2646: $? = 0
configure:2650: test -z 
			 || test ! -s conftest.err
configure:2653: $? = 0
configure:2656: test -s conftest.o
configure:2659: $? = 0
configure:2677: result: none needed
configure:2695: gcc -c -g -O2  conftest.c >&5
conftest.c:2: error: syntax error before "me"
configure:2701: $? = 1
configure: failed program was:
| #ifndef __cplusplus
|   choke me
| #endif
configure:2836: checking dependency style of gcc
configure:2926: result: gcc3
configure:2944: checking for library containing strerror
configure:2974: gcc -o conftest -g -O2   conftest.c  >&5
configure:2980: $? = 0
configure:2984: test -z 
			 || test ! -s conftest.err
configure:2987: $? = 0
configure:2990: test -s conftest
configure:2993: $? = 0
configure:3063: result: none required
configure:3116: checking for gcc
configure:3142: result: gcc
configure:3386: checking for C compiler version
configure:3389: gcc --version </dev/null >&5
gcc (GCC) 3.4.1 (Mandrakelinux (Alpha 3.4.1-3mdk)
Copyright (C) 2004 Free Software Foundation, Inc.
This is free software; see the source for copying conditions.  There is NO
warranty; not even for MERCHANTABILITY or FITNESS FOR A PARTICULAR PURPOSE.

configure:3392: $? = 0
configure:3394: gcc -v </dev/null >&5
Reading specs from /usr/lib/gcc/i586-mandrake-linux-gnu/3.4.1/specs
Configured with: ../configure --prefix=/usr --libdir=/usr/lib --with-slibdir=/lib --mandir=/usr/share/man --infodir=/usr/share/info --enable-shared --enable-threads=posix --disable-checking --enable-long-long --enable-__cxa_atexit --enable-clocale=gnu --disable-libunwind-exceptions --enable-languages=c,c++,ada,f77,objc,java --host=i586-mandrake-linux-gnu --with-system-zlib
Thread model: posix
gcc version 3.4.1 (Mandrakelinux (Alpha 3.4.1-3mdk)
configure:3397: $? = 0
configure:3399: gcc -V </dev/null >&5
gcc: `-V' option must have argument
configure:3402: $? = 1
configure:3405: checking whether we are using the GNU C compiler
configure:3461: result: yes
configure:3467: checking whether gcc accepts -g
configure:3518: result: yes
configure:3535: checking for gcc option to accept ANSI C
configure:3642: result: none needed
configure:3660: gcc -c -g -O2  conftest.c >&5
conftest.c:2: error: syntax error before "me"
configure:3666: $? = 1
configure: failed program was:
| #ifndef __cplusplus
|   choke me
| #endif
configure:3801: checking dependency style of gcc
configure:3891: result: gcc3
configure:3954: checking for gcc
configure:3980: result: gcc
configure:4224: checking for C compiler version
configure:4227: gcc --version </dev/null >&5
gcc (GCC) 3.4.1 (Mandrakelinux (Alpha 3.4.1-3mdk)
Copyright (C) 2004 Free Software Foundation, Inc.
This is free software; see the source for copying conditions.  There is NO
warranty; not even for MERCHANTABILITY or FITNESS FOR A PARTICULAR PURPOSE.

configure:4230: $? = 0
configure:4232: gcc -v </dev/null >&5
Reading specs from /usr/lib/gcc/i586-mandrake-linux-gnu/3.4.1/specs
Configured with: ../configure --prefix=/usr --libdir=/usr/lib --with-slibdir=/lib --mandir=/usr/share/man --infodir=/usr/share/info --enable-shared --enable-threads=posix --disable-checking --enable-long-long --enable-__cxa_atexit --enable-clocale=gnu --disable-libunwind-exceptions --enable-languages=c,c++,ada,f77,objc,java --host=i586-mandrake-linux-gnu --with-system-zlib
Thread model: posix
gcc version 3.4.1 (Mandrakelinux (Alpha 3.4.1-3mdk)
configure:4235: $? = 0
configure:4237: gcc -V </dev/null >&5
gcc: `-V' option must have argument
configure:4240: $? = 1
configure:4243: checking whether we are using the GNU C compiler
configure:4299: result: yes
configure:4305: checking whether gcc accepts -g
configure:4356: result: yes
configure:4373: checking for gcc option to accept ANSI C
configure:4480: result: none needed
configure:4498: gcc -c -g -O2  conftest.c >&5
conftest.c:2: error: syntax error before "me"
configure:4504: $? = 1
configure: failed program was:
| #ifndef __cplusplus
|   choke me
| #endif
configure:4639: checking dependency style of gcc
configure:4729: result: gcc3
configure:4754: checking how to run the C preprocessor
configure:4789: gcc -E  conftest.c
configure:4795: $? = 0
configure:4827: gcc -E  conftest.c
conftest.c:11:28: ac_nonexistent.h: No such file or directory
configure:4833: $? = 1
configure: failed program was:
| /* confdefs.h.  */
| 
| #define PACKAGE_NAME ""
| #define PACKAGE_TARNAME ""
| #define PACKAGE_VERSION ""
| #define PACKAGE_STRING ""
| #define PACKAGE_BUGREPORT ""
| #define PACKAGE "ide_glade"
| #define VERSION "0.1"
| /* end confdefs.h.  */
| #include <ac_nonexistent.h>
configure:4872: result: gcc -E
configure:4896: gcc -E  conftest.c
configure:4902: $? = 0
configure:4934: gcc -E  conftest.c
conftest.c:11:28: ac_nonexistent.h: No such file or directory
configure:4940: $? = 1
configure: failed program was:
| /* confdefs.h.  */
| 
| #define PACKAGE_NAME ""
| #define PACKAGE_TARNAME ""
| #define PACKAGE_VERSION ""
| #define PACKAGE_STRING ""
| #define PACKAGE_BUGREPORT ""
| #define PACKAGE "ide_glade"
| #define VERSION "0.1"
| /* end confdefs.h.  */
| #include <ac_nonexistent.h>
configure:4984: checking for egrep
configure:4994: result: grep -E
configure:4999: checking for ANSI C header files
configure:5024: gcc -c -g -O2  conftest.c >&5
configure:5030: $? = 0
configure:5034: test -z 
			 || test ! -s conftest.err
configure:5037: $? = 0
configure:5040: test -s conftest.o
configure:5043: $? = 0
configure:5129: gcc -o conftest -g -O2   conftest.c  >&5
configure:5132: $? = 0
configure:5134: ./conftest
configure:5137: $? = 0
configure:5152: result: yes
configure:5170: checking for pkg-config
configure:5188: found /usr/bin/pkg-config
configure:5201: result: /usr/bin/pkg-config
configure:5218: checking for gtk+-2.0 >= 2.0.0
configure:5222: result: yes
configure:5226: checking PACKAGE_CFLAGS
configure:5229: result: -DXTHREADS -D_REENTRANT -DXUSE_MTSAFE_API -I/usr/include/gtk-2.0 -I/usr/lib/gtk-2.0/include -I/usr/X11R6/include -I/usr/include/atk-1.0 -I/usr/include/pango-1.0 -I/usr/include/freetype2 -I/usr/include/freetype2/freetype2 -I/usr/include/freetype2/freetype2/config -I/usr/include/glib-2.0 -I/usr/lib/glib-2.0/include  
configure:5232: checking PACKAGE_LIBS
configure:5235: result: -Wl,--export-dynamic -lgtk-x11-2.0 -lgdk-x11-2.0 -latk-1.0 -lgdk_pixbuf-2.0 -lm -lpangoxft-1.0 -lpangox-1.0 -lpango-1.0 -lgobject-2.0 -lgmodule-2.0 -ldl -lglib-2.0  
configure:5374: checking for sys/types.h
configure:5390: gcc -c -g -O2  conftest.c >&5
configure:5396: $? = 0
configure:5400: test -z 
			 || test ! -s conftest.err
configure:5403: $? = 0
configure:5406: test -s conftest.o
configure:5409: $? = 0
configure:5420: result: yes
configure:5374: checking for sys/stat.h
configure:5390: gcc -c -g -O2  conftest.c >&5
configure:5396: $? = 0
configure:5400: test -z 
			 || test ! -s conftest.err
configure:5403: $? = 0
configure:5406: test -s conftest.o
configure:5409: $? = 0
configure:5420: result: yes
configure:5374: checking for stdlib.h
configure:5390: gcc -c -g -O2  conftest.c >&5
configure:5396: $? = 0
configure:5400: test -z 
			 || test ! -s conftest.err
configure:5403: $? = 0
configure:5406: test -s conftest.o
configure:5409: $? = 0
configure:5420: result: yes
configure:5374: checking for string.h
configure:5390: gcc -c -g -O2  conftest.c >&5
configure:5396: $? = 0
configure:5400: test -z 
			 || test ! -s conftest.err
configure:5403: $? = 0
configure:5406: test -s conftest.o
configure:5409: $? = 0
configure:5420: result: yes
configure:5374: checking for memory.h
configure:5390: gcc -c -g -O2  conftest.c >&5
configure:5396: $? = 0
configure:5400: test -z 
			 || test ! -s conftest.err
configure:5403: $? = 0
configure:5406: test -s conftest.o
configure:5409: $? = 0
configure:5420: result: yes
configure:5374: checking for strings.h
configure:5390: gcc -c -g -O2  conftest.c >&5
configure:5396: $? = 0
configure:5400: test -z 
			 || test ! -s conftest.err
configure:5403: $? = 0
configure:5406: test -s conftest.o
configure:5409: $? = 0
configure:5420: result: yes
configure:5374: checking for inttypes.h
configure:5390: gcc -c -g -O2  conftest.c >&5
configure:5396: $? = 0
configure:5400: test -z 
			 || test ! -s conftest.err
configure:5403: $? = 0
configure:5406: test -s conftest.o
configure:5409: $? = 0
configure:5420: result: yes
configure:5374: checking for stdint.h
configure:5390: gcc -c -g -O2  conftest.c >&5
configure:5396: $? = 0
configure:5400: test -z 
			 || test ! -s conftest.err
configure:5403: $? = 0
configure:5406: test -s conftest.o
configure:5409: $? = 0
configure:5420: result: yes
configure:5374: checking for unistd.h
configure:5390: gcc -c -g -O2  conftest.c >&5
configure:5396: $? = 0
configure:5400: test -z 
			 || test ! -s conftest.err
configure:5403: $? = 0
configure:5406: test -s conftest.o
configure:5409: $? = 0
configure:5420: result: yes
configure:5447: checking locale.h usability
configure:5459: gcc -c -g -O2  conftest.c >&5
configure:5465: $? = 0
configure:5469: test -z 
			 || test ! -s conftest.err
configure:5472: $? = 0
configure:5475: test -s conftest.o
configure:5478: $? = 0
configure:5488: result: yes
configure:5492: checking locale.h presence
configure:5502: gcc -E  conftest.c
configure:5508: $? = 0
configure:5528: result: yes
configure:5563: checking for locale.h
configure:5570: result: yes
configure:5584: checking for LC_MESSAGES
configure:5605: gcc -o conftest -g -O2   conftest.c  >&5
configure:5611: $? = 0
configure:5615: test -z 
			 || test ! -s conftest.err
configure:5618: $? = 0
configure:5621: test -s conftest
configure:5624: $? = 0
configure:5636: result: yes
configure:5665: checking libintl.h usability
configure:5677: gcc -c -g -O2  conftest.c >&5
configure:5683: $? = 0
configure:5687: test -z 
			 || test ! -s conftest.err
configure:5690: $? = 0
configure:5693: test -s conftest.o
configure:5696: $? = 0
configure:5706: result: yes
configure:5710: checking libintl.h presence
configure:5720: gcc -E  conftest.c
configure:5726: $? = 0
configure:5746: result: yes
configure:5781: checking for libintl.h
configure:5788: result: yes
configure:5799: checking for dgettext in libc
configure:5822: gcc -o conftest -g -O2   conftest.c  >&5
configure:5828: $? = 0
configure:5832: test -z 
			 || test ! -s conftest.err
configure:5835: $? = 0
configure:5838: test -s conftest
configure:5841: $? = 0
configure:5854: result: yes
configure:5862: checking for bind_textdomain_codeset
configure:5919: gcc -o conftest -g -O2   conftest.c  >&5
configure:5925: $? = 0
configure:5929: test -z 
			 || test ! -s conftest.err
configure:5932: $? = 0
configure:5935: test -s conftest
configure:5938: $? = 0
configure:5950: result: yes
configure:6322: checking for msgfmt
configure:6349: result: /usr/bin/msgfmt
configure:6362: checking for dcgettext
configure:6419: gcc -o conftest -g -O2   conftest.c   >&5
conftest.c:50: warning: conflicting types for built-in function 'dcgettext'
configure:6425: $? = 0
configure:6429: test -z 
			 || test ! -s conftest.err
configure:6432: $? = 0
configure:6435: test -s conftest
configure:6438: $? = 0
configure:6450: result: yes
configure:6462: checking for gmsgfmt
configure:6493: result: /usr/bin/msgfmt
configure:6502: checking for xgettext
configure:6529: result: /usr/bin/xgettext
configure:6553: gcc -o conftest -g -O2   conftest.c   >&5
configure:6559: $? = 0
configure:6563: test -z 
			 || test ! -s conftest.err
configure:6566: $? = 0
configure:6569: test -s conftest
configure:6572: $? = 0
configure:6934: creating ./config.status

## ---------------------- ##
## Running config.status. ##
## ---------------------- ##

This file was extended by config.status, which was
generated by GNU Autoconf 2.59.  Invocation command line was

  CONFIG_FILES    = 
  CONFIG_HEADERS  = 
  CONFIG_LINKS    = 
  CONFIG_COMMANDS = 
  $ ./config.status 

on tux.vrobynet.net

config.status:727: creating Makefile
config.status:727: creating src/Makefile
config.status:727: creating po/Makefile.in
config.status:831: creating config.h
config.status:951: config.h is unchanged
config.status:1131: executing depfiles commands
config.status:1131: executing default-1 commands

## ---------------- ##
## Cache variables. ##
## ---------------- ##

ac_cv_build=i686-pc-linux-gnu
ac_cv_build_alias=i686-pc-linux-gnu
ac_cv_c_compiler_gnu=yes
ac_cv_env_CC_set=
ac_cv_env_CC_value=
ac_cv_env_CFLAGS_set=
ac_cv_env_CFLAGS_value=
ac_cv_env_CPPFLAGS_set=
ac_cv_env_CPPFLAGS_value=
ac_cv_env_CPP_set=
ac_cv_env_CPP_value=
ac_cv_env_LDFLAGS_set=
ac_cv_env_LDFLAGS_value=
ac_cv_env_build_alias_set=
ac_cv_env_build_alias_value=
ac_cv_env_host_alias_set=
ac_cv_env_host_alias_value=
ac_cv_env_target_alias_set=
ac_cv_env_target_alias_value=
ac_cv_exeext=
ac_cv_func_bind_textdomain_codeset=yes
ac_cv_func_dcgettext=yes
ac_cv_header_inttypes_h=yes
ac_cv_header_libintl_h=yes
ac_cv_header_locale_h=yes
ac_cv_header_memory_h=yes
ac_cv_header_stdc=yes
ac_cv_header_stdint_h=yes
ac_cv_header_stdlib_h=yes
ac_cv_header_string_h=yes
ac_cv_header_strings_h=yes
ac_cv_header_sys_stat_h=yes
ac_cv_header_sys_types_h=yes
ac_cv_header_unistd_h=yes
ac_cv_host=i686-pc-linux-gnu
ac_cv_host_alias=i686-pc-linux-gnu
ac_cv_objext=o
ac_cv_path_GMSGFMT=/usr/bin/msgfmt
ac_cv_path_MSGFMT=/usr/bin/msgfmt
ac_cv_path_PKG_CONFIG=/usr/bin/pkg-config
ac_cv_path_XGETTEXT=/usr/bin/xgettext
ac_cv_path_install='/usr/bin/install -c'
ac_cv_prog_AWK=gawk
ac_cv_prog_CPP='gcc -E'
ac_cv_prog_ac_ct_CC=gcc
ac_cv_prog_cc_g=yes
ac_cv_prog_cc_stdc=
ac_cv_prog_egrep='grep -E'
ac_cv_prog_make_make_set=yes
ac_cv_search_strerror='none required'
ac_cv_target=i686-pc-linux-gnu
ac_cv_target_alias=i686-pc-linux-gnu
am_cv_CC_dependencies_compiler_type=gcc3
am_cv_prog_cc_stdc=
am_cv_val_LC_MESSAGES=yes
gt_cv_func_dgettext_libc=yes
gt_cv_func_dgettext_libintl=no
gt_cv_have_gettext=yes

## ----------------- ##
## Output variables. ##
## ----------------- ##

ACLOCAL='${SHELL} /home/devel_linux/basic/sdlBasic/sdlBasicDevel/ide/ide_glade2/missing --run aclocal-1.8'
AMDEPBACKSLASH='\'
AMDEP_FALSE='#'
AMDEP_TRUE=''
AMTAR='${SHELL} /home/devel_linux/basic/sdlBasic/sdlBasicDevel/ide/ide_glade2/missing --run tar'
AUTOCONF='${SHELL} /home/devel_linux/basic/sdlBasic/sdlBasicDevel/ide/ide_glade2/missing --run autoconf'
AUTOHEADER='${SHELL} /home/devel_linux/basic/sdlBasic/sdlBasicDevel/ide/ide_glade2/missing --run autoheader'
AUTOMAKE='${SHELL} /home/devel_linux/basic/sdlBasic/sdlBasicDevel/ide/ide_glade2/missing --run automake-1.8'
AWK='gawk'
CATALOGS=''
CATOBJEXT='.gmo'
CC='gcc'
CCDEPMODE='depmode=gcc3'
CFLAGS='-g -O2'
CPP='gcc -E'
CPPFLAGS=''
CYGPATH_W='echo'
DATADIRNAME='share'
DEFS='-DHAVE_CONFIG_H'
DEPDIR='.deps'
ECHO_C=''
ECHO_N='-n'
ECHO_T=''
EGREP='grep -E'
EXEEXT=''
GETTEXT_PACKAGE='ide_glade'
GMOFILES=''
GMSGFMT='/usr/bin/msgfmt'
INSTALL_DATA='${INSTALL} -m 644'
INSTALL_PROGRAM='${INSTALL}'
INSTALL_SCRIPT='${INSTALL}'
INSTALL_STRIP_PROGRAM='${SHELL} $(install_sh) -c -s'
INSTOBJEXT='.mo'
INTLLIBS=''
LDFLAGS=''
LIBOBJS=''
LIBS=''
LTLIBOBJS=''
MAINT='#'
MAINTAINER_MODE_FALSE=''
MAINTAINER_MODE_TRUE='#'
MAKEINFO='${SHELL} /home/devel_linux/basic/sdlBasic/sdlBasicDevel/ide/ide_glade2/missing --run makeinfo'
MKINSTALLDIRS='./mkinstalldirs'
MSGFMT='/usr/bin/msgfmt'
OBJEXT='o'
PACKAGE='ide_glade'
PACKAGE_BUGREPORT=''
PACKAGE_CFLAGS='-DXTHREADS -D_REENTRANT -DXUSE_MTSAFE_API -I/usr/include/gtk-2.0 -I/usr/lib/gtk-2.0/include -I/usr/X11R6/include -I/usr/include/atk-1.0 -I/usr/include/pango-1.0 -I/usr/include/freetype2 -I/usr/include/freetype2/freetype2 -I/usr/include/freetype2/freetype2/config -I/usr/include/glib-2.0 -I/usr/lib/glib-2.0/include  '
PACKAGE_LIBS='-Wl,--export-dynamic -lgtk-x11-2.0 -lgdk-x11-2.0 -latk-1.0 -lgdk_pixbuf-2.0 -lm -lpangoxft-1.0 -lpangox-1.0 -lpango-1.0 -lgobject-2.0 -lgmodule-2.0 -ldl -lglib-2.0  '
PACKAGE_NAME=''
PACKAGE_STRING=''
PACKAGE_TARNAME=''
PACKAGE_VERSION=''
PATH_SEPARATOR=':'
PKG_CONFIG='/usr/bin/pkg-config'
POFILES=''
POSUB='po'
PO_IN_DATADIR_FALSE=''
PO_IN_DATADIR_TRUE=''
SET_MAKE=''
SHELL='/bin/sh'
STRIP=''
USE_NLS='yes'
VERSION='0.1'
WINDRES=''
XGETTEXT='/usr/bin/xgettext'
ac_ct_CC='gcc'
ac_ct_STRIP=''
ac_ct_WINDRES=''
am__fastdepCC_FALSE='#'
am__fastdepCC_TRUE=''
am__include='include'
am__leading_dot='.'
am__quote=''
bindir='${exec_prefix}/bin'
build='i686-pc-linux-gnu'
build_alias=''
build_cpu='i686'
build_os='linux-gnu'
build_vendor='pc'
datadir='${prefix}/share'
exec_prefix='${prefix}'
host='i686-pc-linux-gnu'
host_alias=''
host_cpu='i686'
host_os='linux-gnu'
host_vendor='pc'
includedir='${prefix}/include'
infodir='${prefix}/info'
install_sh='/home/devel_linux/basic/sdlBasic/sdlBasicDevel/ide/ide_glade2/install-sh'
libdir='${exec_prefix}/lib'
libexecdir='${exec_prefix}/libexec'
localstatedir='${prefix}/var'
mandir='${prefix}/man'
mkdir_p='mkdir -p -- .'
oldincludedir='/usr/include'
prefix='/usr/local'
program_transform_name='s,x,x,'
sbindir='${exec_prefix}/sbin'
sharedstatedir='${prefix}/com'
sysconfdir='${prefix}/etc'
target='i686-pc-linux-gnu'
target_alias=''
target_cpu='i686'
target_os='linux-gnu'
target_vendor='pc'

## ----------- ##
## confdefs.h. ##
## ----------- ##

#define ENABLE_NLS 1
#define GETTEXT_PACKAGE "ide_glade"
#define HAVE_BIND_TEXTDOMAIN_CODESET 1
#define HAVE_DCGETTEXT 1
#define HAVE_GETTEXT 1
#define HAVE_INTTYPES_H 1
#define HAVE_LC_MESSAGES 1
#define HAVE_LOCALE_H 1
#define HAVE_MEMORY_H 1
#define HAVE_STDINT_H 1
#define HAVE_STDLIB_H 1
#define HAVE_STRINGS_H 1
#define HAVE_STRING_H 1
#define HAVE_SYS_STAT_H 1
#define HAVE_SYS_TYPES_H 1
#define HAVE_UNISTD_H 1
#define PACKAGE "ide_glade"
#define PACKAGE_BUGREPORT ""
#define PACKAGE_NAME ""
#define PACKAGE_STRING ""
#define PACKAGE_TARNAME ""
#define PACKAGE_VERSION ""
#define STDC_HEADERS 1
#define VERSION "0.1"

configure: exit 0
