This file contains any messages produced by compilers while
running configure, to aid debugging if configure makes a mistake.

It was created by configure, which was
generated by GNU Autoconf 2.59.  Invocation command line was

  $ ./configure 

## --------- ##
## Platform. ##
## --------- ##

hostname = tux.vrobynet.net
uname -m = i686
uname -r = 2.6.8.1-10mdk
uname -s = Linux
uname -v = #1 Wed Sep 8 17:00:52 CEST 2004

/usr/bin/uname -p = unknown
/bin/uname -X     = unknown

/bin/arch              = i686
/usr/bin/arch -k       = unknown
/usr/convex/getsysinfo = unknown
hostinfo               = unknown
/bin/machine           = unknown
/usr/bin/oslevel       = unknown
/bin/universe          = unknown

PATH: /usr/bin
PATH: /bin
PATH: /usr/bin
PATH: /usr/local/bin
PATH: /usr/X11R6/bin/
PATH: /usr/games
PATH: /usr/sbin
PATH: /home/vroby/bin


## ----------- ##
## Core tests. ##
## ----------- ##

configure:1307: checking for a BSD-compatible install
configure:1362: result: /usr/bin/install -c
configure:1373: checking whether build environment is sane
configure:1416: result: yes
configure:1473: checking for gawk
configure:1489: found /usr/bin/gawk
configure:1499: result: gawk
configure:1509: checking whether make sets $(MAKE)
configure:1529: result: yes
configure:1708: checking for style of include used by make
configure:1736: result: GNU
configure:1807: checking for gcc
configure:1823: found /usr/bin/gcc
configure:1833: result: gcc
configure:2077: checking for C compiler version
configure:2080: gcc --version </dev/null >&5
gcc (GCC) 3.4.1 (Mandrakelinux (Alpha 3.4.1-3mdk)
Copyright (C) 2004 Free Software Foundation, Inc.
This is free software; see the source for copying conditions.  There is NO
warranty; not even for MERCHANTABILITY or FITNESS FOR A PARTICULAR PURPOSE.

configure:2083: $? = 0
configure:2085: gcc -v </dev/null >&5
Reading specs from /usr/lib/gcc/i586-mandrake-linux-gnu/3.4.1/specs
Configured with: ../configure --prefix=/usr --libdir=/usr/lib --with-slibdir=/lib --mandir=/usr/share/man --infodir=/usr/share/info --enable-shared --enable-threads=posix --disable-checking --enable-long-long --enable-__cxa_atexit --enable-clocale=gnu --disable-libunwind-exceptions --enable-languages=c,c++,ada,f77,objc,java --host=i586-mandrake-linux-gnu --with-system-zlib
Thread model: posix
gcc version 3.4.1 (Mandrakelinux (Alpha 3.4.1-3mdk)
configure:2088: $? = 0
configure:2090: gcc -V </dev/null >&5
gcc: `-V' option must have argument
configure:2093: $? = 1
configure:2116: checking for C compiler default output file name
configure:2119: gcc    conftest.c  >&5
configure:2122: $? = 0
configure:2168: result: a.out
configure:2173: checking whether the C compiler works
configure:2179: ./a.out
configure:2182: $? = 0
configure:2199: result: yes
configure:2206: checking whether we are cross compiling
configure:2208: result: no
configure:2211: checking for suffix of executables
configure:2213: gcc -o conftest    conftest.c  >&5
configure:2216: $? = 0
configure:2241: result: 
configure:2247: checking for suffix of object files
configure:2268: gcc -c   conftest.c >&5
configure:2271: $? = 0
configure:2293: result: o
configure:2297: checking whether we are using the GNU C compiler
configure:2321: gcc -c   conftest.c >&5
configure:2327: $? = 0
configure:2331: test -z 
			 || test ! -s conftest.err
configure:2334: $? = 0
configure:2337: test -s conftest.o
configure:2340: $? = 0
configure:2353: result: yes
configure:2359: checking whether gcc accepts -g
configure:2380: gcc -c -g  conftest.c >&5
configure:2386: $? = 0
configure:2390: test -z 
			 || test ! -s conftest.err
configure:2393: $? = 0
configure:2396: test -s conftest.o
configure:2399: $? = 0
configure:2410: result: yes
configure:2427: checking for gcc option to accept ANSI C
configure:2497: gcc  -c -g -O2  conftest.c >&5
configure:2503: $? = 0
configure:2507: test -z 
			 || test ! -s conftest.err
configure:2510: $? = 0
configure:2513: test -s conftest.o
configure:2516: $? = 0
configure:2534: result: none needed
configure:2552: gcc -c -g -O2  conftest.c >&5
conftest.c:2: error: syntax error before "me"
configure:2558: $? = 1
configure: failed program was:
| #ifndef __cplusplus
|   choke me
| #endif
configure:2693: checking dependency style of gcc
configure:2783: result: gcc3
configure:2801: checking for library containing strerror
configure:2831: gcc -o conftest -g -O2   conftest.c  >&5
configure:2837: $? = 0
configure:2841: test -z 
			 || test ! -s conftest.err
configure:2844: $? = 0
configure:2847: test -s conftest
configure:2850: $? = 0
configure:2920: result: none required
configure:2973: checking for gcc
configure:2999: result: gcc
configure:3243: checking for C compiler version
configure:3246: gcc --version </dev/null >&5
gcc (GCC) 3.4.1 (Mandrakelinux (Alpha 3.4.1-3mdk)
Copyright (C) 2004 Free Software Foundation, Inc.
This is free software; see the source for copying conditions.  There is NO
warranty; not even for MERCHANTABILITY or FITNESS FOR A PARTICULAR PURPOSE.

configure:3249: $? = 0
configure:3251: gcc -v </dev/null >&5
Reading specs from /usr/lib/gcc/i586-mandrake-linux-gnu/3.4.1/specs
Configured with: ../configure --prefix=/usr --libdir=/usr/lib --with-slibdir=/lib --mandir=/usr/share/man --infodir=/usr/share/info --enable-shared --enable-threads=posix --disable-checking --enable-long-long --enable-__cxa_atexit --enable-clocale=gnu --disable-libunwind-exceptions --enable-languages=c,c++,ada,f77,objc,java --host=i586-mandrake-linux-gnu --with-system-zlib
Thread model: posix
gcc version 3.4.1 (Mandrakelinux (Alpha 3.4.1-3mdk)
configure:3254: $? = 0
configure:3256: gcc -V </dev/null >&5
gcc: `-V' option must have argument
configure:3259: $? = 1
configure:3262: checking whether we are using the GNU C compiler
configure:3318: result: yes
configure:3324: checking whether gcc accepts -g
configure:3375: result: yes
configure:3392: checking for gcc option to accept ANSI C
configure:3499: result: none needed
configure:3517: gcc -c -g -O2  conftest.c >&5
conftest.c:2: error: syntax error before "me"
configure:3523: $? = 1
configure: failed program was:
| #ifndef __cplusplus
|   choke me
| #endif
configure:3658: checking dependency style of gcc
configure:3748: result: gcc3
configure:3811: checking for gcc
configure:3837: result: gcc
configure:4081: checking for C compiler version
configure:4084: gcc --version </dev/null >&5
gcc (GCC) 3.4.1 (Mandrakelinux (Alpha 3.4.1-3mdk)
Copyright (C) 2004 Free Software Foundation, Inc.
This is free software; see the source for copying conditions.  There is NO
warranty; not even for MERCHANTABILITY or FITNESS FOR A PARTICULAR PURPOSE.

configure:4087: $? = 0
configure:4089: gcc -v </dev/null >&5
Reading specs from /usr/lib/gcc/i586-mandrake-linux-gnu/3.4.1/specs
Configured with: ../configure --prefix=/usr --libdir=/usr/lib --with-slibdir=/lib --mandir=/usr/share/man --infodir=/usr/share/info --enable-shared --enable-threads=posix --disable-checking --enable-long-long --enable-__cxa_atexit --enable-clocale=gnu --disable-libunwind-exceptions --enable-languages=c,c++,ada,f77,objc,java --host=i586-mandrake-linux-gnu --with-system-zlib
Thread model: posix
gcc version 3.4.1 (Mandrakelinux (Alpha 3.4.1-3mdk)
configure:4092: $? = 0
configure:4094: gcc -V </dev/null >&5
gcc: `-V' option must have argument
configure:4097: $? = 1
configure:4100: checking whether we are using the GNU C compiler
configure:4156: result: yes
configure:4162: checking whether gcc accepts -g
configure:4213: result: yes
configure:4230: checking for gcc option to accept ANSI C
configure:4337: result: none needed
configure:4355: gcc -c -g -O2  conftest.c >&5
conftest.c:2: error: syntax error before "me"
configure:4361: $? = 1
configure: failed program was:
| #ifndef __cplusplus
|   choke me
| #endif
configure:4496: checking dependency style of gcc
configure:4586: result: gcc3
configure:4611: checking how to run the C preprocessor
configure:4646: gcc -E  conftest.c
configure:4652: $? = 0
configure:4684: gcc -E  conftest.c
conftest.c:11:28: ac_nonexistent.h: No such file or directory
configure:4690: $? = 1
configure: failed program was:
| /* confdefs.h.  */
| 
| #define PACKAGE_NAME ""
| #define PACKAGE_TARNAME ""
| #define PACKAGE_VERSION ""
| #define PACKAGE_STRING ""
| #define PACKAGE_BUGREPORT ""
| #define PACKAGE "ide_glade"
| #define VERSION "0.1"
| /* end confdefs.h.  */
| #include <ac_nonexistent.h>
configure:4729: result: gcc -E
configure:4753: gcc -E  conftest.c
configure:4759: $? = 0
configure:4791: gcc -E  conftest.c
conftest.c:11:28: ac_nonexistent.h: No such file or directory
configure:4797: $? = 1
configure: failed program was:
| /* confdefs.h.  */
| 
| #define PACKAGE_NAME ""
| #define PACKAGE_TARNAME ""
| #define PACKAGE_VERSION ""
| #define PACKAGE_STRING ""
| #define PACKAGE_BUGREPORT ""
| #define PACKAGE "ide_glade"
| #define VERSION "0.1"
| /* end confdefs.h.  */
| #include <ac_nonexistent.h>
configure:4841: checking for egrep
configure:4851: result: grep -E
configure:4856: checking for ANSI C header files
configure:4881: gcc -c -g -O2  conftest.c >&5
configure:4887: $? = 0
configure:4891: test -z 
			 || test ! -s conftest.err
configure:4894: $? = 0
configure:4897: test -s conftest.o
configure:4900: $? = 0
configure:4986: gcc -o conftest -g -O2   conftest.c  >&5
configure:4989: $? = 0
configure:4991: ./conftest
configure:4994: $? = 0
configure:5009: result: yes
configure:5068: checking for gtk-config
configure:5086: found /usr/bin/gtk-config
configure:5099: result: /usr/bin/gtk-config
configure:5107: checking for GTK - version >= 1.2.0
configure:5213: gcc -o conftest -g -O2 -I/usr/include/gtk-1.2 -I/usr/include/glib-1.2 -I/usr/lib/glib/include -I/usr/X11R6/include   conftest.c -L/usr/X11R6/lib -lgtk -lgdk -rdynamic -lgmodule -lglib -ldl -lXi -lXext -lX11 -lm  >&5
configure:5216: $? = 0
configure:5218: ./conftest
configure:5221: $? = 0
configure:5239: result: yes
configure:5493: creating ./config.status

## ---------------------- ##
## Running config.status. ##
## ---------------------- ##

This file was extended by config.status, which was
generated by GNU Autoconf 2.59.  Invocation command line was

  CONFIG_FILES    = 
  CONFIG_HEADERS  = 
  CONFIG_LINKS    = 
  CONFIG_COMMANDS = 
  $ ./config.status 

on tux.vrobynet.net

config.status:691: creating Makefile
config.status:691: creating src/Makefile
config.status:795: creating config.h
config.status:887: config.h is unchanged
config.status:1067: executing depfiles commands

## ---------------- ##
## Cache variables. ##
## ---------------- ##

ac_cv_c_compiler_gnu=yes
ac_cv_env_CC_set=
ac_cv_env_CC_value=
ac_cv_env_CFLAGS_set=
ac_cv_env_CFLAGS_value=
ac_cv_env_CPPFLAGS_set=
ac_cv_env_CPPFLAGS_value=
ac_cv_env_CPP_set=
ac_cv_env_CPP_value=
ac_cv_env_LDFLAGS_set=
ac_cv_env_LDFLAGS_value=
ac_cv_env_build_alias_set=
ac_cv_env_build_alias_value=
ac_cv_env_host_alias_set=
ac_cv_env_host_alias_value=
ac_cv_env_target_alias_set=
ac_cv_env_target_alias_value=
ac_cv_exeext=
ac_cv_header_stdc=yes
ac_cv_objext=o
ac_cv_path_GTK_CONFIG=/usr/bin/gtk-config
ac_cv_path_install='/usr/bin/install -c'
ac_cv_prog_AWK=gawk
ac_cv_prog_CPP='gcc -E'
ac_cv_prog_ac_ct_CC=gcc
ac_cv_prog_cc_g=yes
ac_cv_prog_cc_stdc=
ac_cv_prog_egrep='grep -E'
ac_cv_prog_make_make_set=yes
ac_cv_search_strerror='none required'
am_cv_CC_dependencies_compiler_type=gcc3
am_cv_prog_cc_stdc=

## ----------------- ##
## Output variables. ##
## ----------------- ##

ACLOCAL='${SHELL} /home/devel_linux/basic/sdlBasic/sdlBasicDevel/ide/ide_glade/missing --run aclocal-1.8'
AMDEPBACKSLASH='\'
AMDEP_FALSE='#'
AMDEP_TRUE=''
AMTAR='${SHELL} /home/devel_linux/basic/sdlBasic/sdlBasicDevel/ide/ide_glade/missing --run tar'
AUTOCONF='${SHELL} /home/devel_linux/basic/sdlBasic/sdlBasicDevel/ide/ide_glade/missing --run autoconf'
AUTOHEADER='${SHELL} /home/devel_linux/basic/sdlBasic/sdlBasicDevel/ide/ide_glade/missing --run autoheader'
AUTOMAKE='${SHELL} /home/devel_linux/basic/sdlBasic/sdlBasicDevel/ide/ide_glade/missing --run automake-1.8'
AWK='gawk'
CC='gcc'
CCDEPMODE='depmode=gcc3'
CFLAGS='-g -O2 -Wall'
CPP='gcc -E'
CPPFLAGS=''
CYGPATH_W='echo'
DEFS='-DHAVE_CONFIG_H'
DEPDIR='.deps'
ECHO_C=''
ECHO_N='-n'
ECHO_T=''
EGREP='grep -E'
EXEEXT=''
GTK_CFLAGS='-I/usr/include/gtk-1.2 -I/usr/include/glib-1.2 -I/usr/lib/glib/include -I/usr/X11R6/include'
GTK_CONFIG='/usr/bin/gtk-config'
GTK_LIBS='-L/usr/X11R6/lib -lgtk -lgdk -rdynamic -lgmodule -lglib -ldl -lXi -lXext -lX11 -lm'
INSTALL_DATA='${INSTALL} -m 644'
INSTALL_PROGRAM='${INSTALL}'
INSTALL_SCRIPT='${INSTALL}'
INSTALL_STRIP_PROGRAM='${SHELL} $(install_sh) -c -s'
LDFLAGS=''
LIBOBJS=''
LIBS=''
LTLIBOBJS=''
MAKEINFO='${SHELL} /home/devel_linux/basic/sdlBasic/sdlBasicDevel/ide/ide_glade/missing --run makeinfo'
OBJEXT='o'
PACKAGE='ide_glade'
PACKAGE_BUGREPORT=''
PACKAGE_NAME=''
PACKAGE_STRING=''
PACKAGE_TARNAME=''
PACKAGE_VERSION=''
PATH_SEPARATOR=':'
SET_MAKE=''
SHELL='/bin/sh'
STRIP=''
VERSION='0.1'
ac_ct_CC='gcc'
ac_ct_STRIP=''
am__fastdepCC_FALSE='#'
am__fastdepCC_TRUE=''
am__include='include'
am__leading_dot='.'
am__quote=''
bindir='${exec_prefix}/bin'
build_alias=''
datadir='${prefix}/share'
exec_prefix='${prefix}'
host_alias=''
includedir='${prefix}/include'
infodir='${prefix}/info'
install_sh='/home/devel_linux/basic/sdlBasic/sdlBasicDevel/ide/ide_glade/install-sh'
libdir='${exec_prefix}/lib'
libexecdir='${exec_prefix}/libexec'
localstatedir='${prefix}/var'
mandir='${prefix}/man'
mkdir_p='mkdir -p -- .'
oldincludedir='/usr/include'
prefix='/usr/local'
program_transform_name='s,x,x,'
sbindir='${exec_prefix}/sbin'
sharedstatedir='${prefix}/com'
sysconfdir='${prefix}/etc'
target_alias=''

## ----------- ##
## confdefs.h. ##
## ----------- ##

#define PACKAGE "ide_glade"
#define PACKAGE_BUGREPORT ""
#define PACKAGE_DATA_DIR "/usr/local/share/ide_glade"
#define PACKAGE_NAME ""
#define PACKAGE_SOURCE_DIR "/home/devel_linux/basic/sdlBasic/sdlBasicDevel/ide/ide_glade"
#define PACKAGE_STRING ""
#define PACKAGE_TARNAME ""
#define PACKAGE_VERSION ""
#define STDC_HEADERS 1
#define VERSION "0.1"

configure: exit 0
